This is pdfTeX, Version 3.1415926-2.5-1.40.14 (MiKTeX 2.9 64-bit) (preloaded format=pdftex 2015.3.15)  15 MAR 2015 20:11
entering extended mode
**D:/inf-thesis/ixlib.bib
(D:/inf-thesis/ixlib.bib
! Missing $ inserted.
<inserted text> 
                $
<to be read again> 
                   _
l.2 @article{barbu_
                   introduction_2012,
? 
! Emergency stop.
<inserted text> 
                $
<to be read again> 
                   _
l.2 @article{barbu_
                   introduction_2012,
End of file on the terminal!

!  ==> Fatal error occurred, no output PDF file produced!
